Thu 25 Apr 2024 09:19:05 PM UTC: 
 tests:  0|6
total_score: 0/70
87ce2c0
Thu 25 Apr 2024 09:26:05 PM UTC: 
 hashmap.c | 12 +++++++++---
 1 file changed, 9 insertions(+), 3 deletions(-)
 tests:  0|6
total_score: 0/70
e19cb6d
Thu 25 Apr 2024 09:26:27 PM UTC: 
 hashmap.c | 1 +
 1 file changed, 1 insertion(+)
 tests:  1|5
total_score: 10/70
80f35c9
Thu 25 Apr 2024 09:31:45 PM UTC: 
 hashmap.c | 12 +++++++++++-
 1 file changed, 11 insertions(+), 1 deletion(-)
In file included from test.c:4:
hashmap.c: In function ‘insertMap’:
hashmap.c:45:30: error: expected ‘)’ before ‘enlarge’
   45 |   if(map->size==map->capacity enlarge(map);
      |     ~                        ^~~~~~~~
      |                              )
hashmap.c:56:1: error: expected expression before ‘}’ token
   56 | }
      | ^
Compilation failed
f3bd1d1
Thu 25 Apr 2024 09:32:19 PM UTC: 
 hashmap.c | 2 +-
 1 file changed, 1 insertion(+), 1 deletion(-)
 tests:  1|5
total_score: 10/70
f07b2e9
Thu 25 Apr 2024 09:34:52 PM UTC: 
 hashmap.c | 7 ++++---
 1 file changed, 4 insertions(+), 3 deletions(-)
 tests:  5|4
total_score: 30/70
1671b62
Thu 25 Apr 2024 09:38:24 PM UTC: 
 hashmap.c | 19 +++++++++++++++++--
 1 file changed, 17 insertions(+), 2 deletions(-)
In file included from test.c:4:
hashmap.c: In function ‘searchMap’:
hashmap.c:94:39: error: ‘value’ undeclared (first use in this function)
   94 |         map->buckets[posicion]->value=value;
      |                                       ^~~~~
hashmap.c:94:39: note: each undeclared identifier is reported only once for each function it appears in
test.c:453:5: error: ‘main’ is normally a non-static function [-Werror=main]
  453 | int main( int argc, char *argv[] ) {
      |     ^~~~
test.c:511:1: error: expected declaration or statement at end of input
  511 | }
      | ^
test.c:512: error: control reaches end of non-void function [-Werror=return-type]
At top level:
test.c:453:5: error: ‘main’ defined but not used [-Werror=unused-function]
  453 | int main( int argc, char *argv[] ) {
      |     ^~~~
test.c:217:5: error: ‘insert_test5’ defined but not used [-Werror=unused-function]
  217 | int insert_test5(){ //factor de carga>0.7, se llama a función enlarge
      |     ^~~~~~~~~~~~
test.c:131:6: error: ‘compare_test’ defined but not used [-Werror=unused-function]
  131 | void compare_test(){
      |      ^~~~~~~~~~~~
test.c:125:6: error: ‘hash_test3’ defined but not used [-Werror=unused-function]
  125 | void hash_test3(){ //no random
      |      ^~~~~~~~~~
test.c:111:6: error: ‘hash_test2’ defined but not used [-Werror=unused-function]
  111 | void hash_test2(){ // colisiones
      |      ^~~~~~~~~~
test.c:100:6: error: ‘hash_test1’ defined but not used [-Werror=unused-function]
  100 | void hash_test1(){ // posición válida
      |      ^~~~~~~~~~
cc1: all warnings being treated as errors
Compilation failed
a316db6
Thu 25 Apr 2024 09:38:49 PM UTC: 
 hashmap.c | 1 -
 1 file changed, 1 deletion(-)
test.c: In function ‘searchMap’:
test.c:453:5: error: ‘main’ is normally a non-static function [-Werror=main]
  453 | int main( int argc, char *argv[] ) {
      |     ^~~~
test.c:511:1: error: expected declaration or statement at end of input
  511 | }
      | ^
test.c:512: error: control reaches end of non-void function [-Werror=return-type]
At top level:
test.c:453:5: error: ‘main’ defined but not used [-Werror=unused-function]
  453 | int main( int argc, char *argv[] ) {
      |     ^~~~
test.c:217:5: error: ‘insert_test5’ defined but not used [-Werror=unused-function]
  217 | int insert_test5(){ //factor de carga>0.7, se llama a función enlarge
      |     ^~~~~~~~~~~~
test.c:131:6: error: ‘compare_test’ defined but not used [-Werror=unused-function]
  131 | void compare_test(){
      |      ^~~~~~~~~~~~
test.c:125:6: error: ‘hash_test3’ defined but not used [-Werror=unused-function]
  125 | void hash_test3(){ //no random
      |      ^~~~~~~~~~
test.c:111:6: error: ‘hash_test2’ defined but not used [-Werror=unused-function]
  111 | void hash_test2(){ // colisiones
      |      ^~~~~~~~~~
test.c:100:6: error: ‘hash_test1’ defined but not used [-Werror=unused-function]
  100 | void hash_test1(){ // posición válida
      |      ^~~~~~~~~~
cc1: all warnings being treated as errors
Compilation failed
586810b
Thu 25 Apr 2024 09:39:15 PM UTC: 
 hashmap.c | 1 +
 1 file changed, 1 insertion(+)
 tests:  8|3
total_score: 40/70
58661a7
Thu 25 Apr 2024 09:41:06 PM UTC: 
 hashmap.c | 5 +++--
 1 file changed, 3 insertions(+), 2 deletions(-)
 tests:  6|4
total_score: 30/70
62e1a65
Thu 25 Apr 2024 09:41:40 PM UTC: 
 hashmap.c | 1 -
 1 file changed, 1 deletion(-)
 tests:  8|3
total_score: 40/70
b394301
Thu 25 Apr 2024 09:44:03 PM UTC: 
 hashmap.c | 13 ++++++++++++-
 1 file changed, 12 insertions(+), 1 deletion(-)
In file included from test.c:4:
hashmap.c: In function ‘eraseMap’:
hashmap.c:77:26: error: ‘return’ with a value, in function returning void [-Werror=return-type]
   77 |   if(map == NULL) return NULL;
      |                          ^~~~
hashmap.c:75:6: note: declared here
   75 | void eraseMap(HashMap * map,  char * key)
      |      ^~~~~~~~
cc1: all warnings being treated as errors
Compilation failed
b9e09aa
Thu 25 Apr 2024 09:46:06 PM UTC: 
 hashmap.c | 8 ++++++--
 1 file changed, 6 insertions(+), 2 deletions(-)
 tests:  11|2
total_score: 50/70
4eee36c
Thu 25 Apr 2024 09:49:12 PM UTC: 
 hashmap.c | 15 ++++++++++++---
 1 file changed, 12 insertions(+), 3 deletions(-)
 tests:  12|2
total_score: 50/70
3f2e1ed
Thu 25 Apr 2024 09:49:59 PM UTC: 
 hashmap.c | 6 +++++-
 1 file changed, 5 insertions(+), 1 deletion(-)
 tests:  13|2
total_score: 50/70
da4c64c
Thu 25 Apr 2024 09:50:24 PM UTC: 
 hashmap.c | 2 +-
 1 file changed, 1 insertion(+), 1 deletion(-)
 tests:  12|2
total_score: 50/70
fdda208
Thu 25 Apr 2024 09:50:33 PM UTC: 
 hashmap.c | 2 +-
 1 file changed, 1 insertion(+), 1 deletion(-)
 tests:  13|2
total_score: 50/70
248d11f
Thu 25 Apr 2024 09:51:09 PM UTC: 
 hashmap.c | 13 +++++++++++--
 1 file changed, 11 insertions(+), 2 deletions(-)
 tests:  13|2
total_score: 50/70
19e9383
Thu 25 Apr 2024 09:52:06 PM UTC: 
 hashmap.c | 11 +----------
 1 file changed, 1 insertion(+), 10 deletions(-)
 tests:  13|2
total_score: 50/70
8429a16
Thu 25 Apr 2024 09:52:58 PM UTC: 
 hashmap.c | 10 ++++++++++
 1 file changed, 10 insertions(+)
In file included from test.c:4:
hashmap.c: In function ‘nextMap’:
hashmap.c:146:1: error: control reaches end of non-void function [-Werror=return-type]
  146 | }
      | ^
cc1: all warnings being treated as errors
Compilation failed
d2e7191
Thu 25 Apr 2024 09:53:21 PM UTC: 
 hashmap.c | 1 +
 1 file changed, 1 insertion(+)
 tests:  13|2
total_score: 50/70
a7606cd
Thu 25 Apr 2024 09:54:08 PM UTC: 
 hashmap.c | 8 +++++---
 1 file changed, 5 insertions(+), 3 deletions(-)
 tests:  13|2
total_score: 50/70
d87a656
Thu 25 Apr 2024 09:55:04 PM UTC: 
 hashmap.c | 5 -----
 1 file changed, 5 deletions(-)
 tests:  13|2
total_score: 50/70
eef846c
Thu 25 Apr 2024 09:55:41 PM UTC: 
 hashmap.c | 6 ++++++
 1 file changed, 6 insertions(+)
 tests:  13|2
total_score: 50/70
34bf83a
Thu 25 Apr 2024 09:59:54 PM UTC: 
 hashmap.c | 19 +++++--------------
 1 file changed, 5 insertions(+), 14 deletions(-)
 tests:  13|2
total_score: 50/70
a895d3f
Thu 25 Apr 2024 10:00:13 PM UTC: 
 hashmap.c | 2 +-
 1 file changed, 1 insertion(+), 1 deletion(-)
 tests:  13|2
total_score: 50/70
95a79b8
Thu 25 Apr 2024 10:00:32 PM UTC: 
 hashmap.c | 2 +-
 1 file changed, 1 insertion(+), 1 deletion(-)
 tests:  13|2
total_score: 50/70
fb68686
Thu 25 Apr 2024 10:05:28 PM UTC: 
 hashmap.c | 16 +++++++++++-----
 1 file changed, 11 insertions(+), 5 deletions(-)
 tests:  13|2
total_score: 50/70
9b30b68
Thu 25 Apr 2024 10:05:53 PM UTC: 
 hashmap.c | 5 +++++
 1 file changed, 5 insertions(+)
 tests:  13|2
total_score: 50/70
abed9a9
Thu 25 Apr 2024 10:08:49 PM UTC: 
 hashmap.c | 19 ++-----------------
 1 file changed, 2 insertions(+), 17 deletions(-)
In file included from test.c:4:
hashmap.c: In function ‘nextMap’:
hashmap.c:133:9: error: unused variable ‘posicion’ [-Werror=unused-variable]
  133 |   void *posicion = firstMap(map);
      |         ^~~~~~~~
cc1: all warnings being treated as errors
Compilation failed
4e8efe0
Thu 25 Apr 2024 10:09:20 PM UTC: 
 hashmap.c | 4 ++--
 1 file changed, 2 insertions(+), 2 deletions(-)
In file included from test.c:4:
hashmap.c: In function ‘nextMap’:
hashmap.c:134:22: error: array subscript is not an integer
  134 |   return map->buckets[posicion++];
      |                      ^
hashmap.c:137:1: error: control reaches end of non-void function [-Werror=return-type]
  137 | }
      | ^
cc1: all warnings being treated as errors
Compilation failed
e958f2c
Thu 25 Apr 2024 10:11:01 PM UTC: 
 hashmap.c | 16 ++++++++++++++--
 1 file changed, 14 insertions(+), 2 deletions(-)
 tests:  13|2
total_score: 50/70
3d7064d
Thu 25 Apr 2024 10:12:44 PM UTC: 
 hashmap.c | 10 ++++++----
 1 file changed, 6 insertions(+), 4 deletions(-)
 tests:  13|2
total_score: 50/70
2dfcaf3
Thu 25 Apr 2024 10:13:50 PM UTC: 
 hashmap.c | 4 ++--
 1 file changed, 2 insertions(+), 2 deletions(-)
 tests:  13|2
total_score: 50/70
9a7571f
Thu 25 Apr 2024 10:14:52 PM UTC: 
 hashmap.c | 9 +--------
 1 file changed, 1 insertion(+), 8 deletions(-)
 tests:  13|2
total_score: 50/70
df700fc
Thu 25 Apr 2024 10:16:03 PM UTC: 
 hashmap.c | 8 +++++++-
 1 file changed, 7 insertions(+), 1 deletion(-)
 tests:  13|2
total_score: 50/70
754ef5d
Thu 25 Apr 2024 10:17:47 PM UTC: 
 hashmap.c | 30 ++++++++++++++++++++++++++++++
 1 file changed, 30 insertions(+)
In file included from test.c:4:
hashmap.c:151:10: error: ‘nextMap’ defined but not used [-Werror=unused-function]
  151 |   Pair * nextMap(HashMap * map)
      |          ^~~~~~~
cc1: all warnings being treated as errors
Compilation failed
22879eb
Thu 25 Apr 2024 10:18:03 PM UTC: 
 hashmap.c | 2 --
 1 file changed, 2 deletions(-)
In file included from test.c:4:
hashmap.c:177:3: error: expected identifier or ‘(’ before ‘return’
  177 |   return NULL;
      |   ^~~~~~
hashmap.c:178:1: error: expected identifier or ‘(’ before ‘}’ token
  178 | }
      | ^
Compilation failed
27f5aa2
Thu 25 Apr 2024 10:18:12 PM UTC: 
 hashmap.c | 2 --
 1 file changed, 2 deletions(-)
 tests:  13|2
total_score: 50/70
ab9c86a
Fri 26 Apr 2024 01:17:29 AM UTC: 
 hashmap.c | 53 +++++++++++++----------------------------------------
 1 file changed, 13 insertions(+), 40 deletions(-)
test.c: In function ‘nextMap’:
test.c:453:5: error: ‘main’ is normally a non-static function [-Werror=main]
  453 | int main( int argc, char *argv[] ) {
      |     ^~~~
test.c:511:1: error: expected declaration or statement at end of input
  511 | }
      | ^
At top level:
test.c:453:5: error: ‘main’ defined but not used [-Werror=unused-function]
  453 | int main( int argc, char *argv[] ) {
      |     ^~~~
test.c:217:5: error: ‘insert_test5’ defined but not used [-Werror=unused-function]
  217 | int insert_test5(){ //factor de carga>0.7, se llama a función enlarge
      |     ^~~~~~~~~~~~
test.c:131:6: error: ‘compare_test’ defined but not used [-Werror=unused-function]
  131 | void compare_test(){
      |      ^~~~~~~~~~~~
test.c:125:6: error: ‘hash_test3’ defined but not used [-Werror=unused-function]
  125 | void hash_test3(){ //no random
      |      ^~~~~~~~~~
test.c:111:6: error: ‘hash_test2’ defined but not used [-Werror=unused-function]
  111 | void hash_test2(){ // colisiones
      |      ^~~~~~~~~~
test.c:100:6: error: ‘hash_test1’ defined but not used [-Werror=unused-function]
  100 | void hash_test1(){ // posición válida
      |      ^~~~~~~~~~
cc1: all warnings being treated as errors
Compilation failed
0c6d6f9
Fri 26 Apr 2024 01:22:57 AM UTC: 
 hashmap.c | 2 +-
 1 file changed, 1 insertion(+), 1 deletion(-)
 tests:  15|2
total_score: 50/70
073014f
Fri 26 Apr 2024 01:24:27 AM UTC: 
 hashmap.c | 21 +++++++++------------
 1 file changed, 9 insertions(+), 12 deletions(-)
 tests:  15|2
total_score: 50/70
10c84b1
Fri 26 Apr 2024 01:25:17 AM UTC: 
 hashmap.c | 23 ++++++++++++++++-------
 1 file changed, 16 insertions(+), 7 deletions(-)
 tests:  15|2
total_score: 50/70
f99e133
Fri 26 Apr 2024 01:28:16 AM UTC: 
 hashmap.c | 45 +++++++++++++++++++++++++++++----------------
 1 file changed, 29 insertions(+), 16 deletions(-)
 tests:  16|1
total_score: 60/70
96a4041
Fri 26 Apr 2024 01:30:29 AM UTC: 
 hashmap.c | 22 ++++++----------------
 1 file changed, 6 insertions(+), 16 deletions(-)
 tests:  16|1
total_score: 60/70
bed21b5
Fri 26 Apr 2024 01:40:06 AM UTC: 
 hashmap.c | 15 +++++++--------
 1 file changed, 7 insertions(+), 8 deletions(-)
 tests:  16|1
total_score: 60/70
f93fc5d
Fri 26 Apr 2024 01:40:37 AM UTC: 
 hashmap.c | 2 ++
 1 file changed, 2 insertions(+)
 tests:  14|1
total_score: 60/70
cf8d3ad
Fri 26 Apr 2024 01:41:45 AM UTC: 
 hashmap.c | 2 --
 1 file changed, 2 deletions(-)
In file included from test.c:4:
hashmap.c: In function ‘nextMap’:
hashmap.c:157:1: error: control reaches end of non-void function [-Werror=return-type]
  157 | }
      | ^
cc1: all warnings being treated as errors
Compilation failed
8a3ca6f
Fri 26 Apr 2024 01:42:10 AM UTC: 
 hashmap.c | 1 +
 1 file changed, 1 insertion(+)
 tests:  16|1
total_score: 60/70
39fb8b4
Fri 26 Apr 2024 01:44:41 AM UTC: 
 hashmap.c | 5 +++--
 1 file changed, 3 insertions(+), 2 deletions(-)
In file included from test.c:4:
hashmap.c: In function ‘nextMap’:
hashmap.c:148:10: error: ‘true’ undeclared (first use in this function)
  148 |   while (true)
      |          ^~~~
hashmap.c:7:1: note: ‘true’ is defined in header ‘<stdbool.h>’; did you forget to ‘#include <stdbool.h>’?
    6 | #include "hashmap.h"
  +++ |+#include <stdbool.h>
    7 | 
hashmap.c:148:10: note: each undeclared identifier is reported only once for each function it appears in
  148 |   while (true)
      |          ^~~~
hashmap.c:159:1: error: control reaches end of non-void function [-Werror=return-type]
  159 | }
      | ^
cc1: all warnings being treated as errors
Compilation failed
d35ec66
Fri 26 Apr 2024 01:44:55 AM UTC: 
 hashmap.c | 2 +-
 1 file changed, 1 insertion(+), 1 deletion(-)
 tests:  14|1
total_score: 60/70
d80f11f
Fri 26 Apr 2024 01:45:22 AM UTC: 
 hashmap.c | 25 +++++++++++++++++++++++++
 1 file changed, 25 insertions(+)
 tests:  16|1
total_score: 60/70
6f8e1e0
Fri 26 Apr 2024 01:46:50 AM UTC: 
 hashmap.c | 41 +++++++++++++++++++----------------------
 1 file changed, 19 insertions(+), 22 deletions(-)
 tests:  16|1
total_score: 60/70
6333d9c
Fri 26 Apr 2024 01:58:42 AM UTC: 
 hashmap.c | 3 +--
 1 file changed, 1 insertion(+), 2 deletions(-)
In file included from test.c:4:
hashmap.c: In function ‘nextMap’:
hashmap.c:148:18: error: invalid type argument of ‘->’ (have ‘long int’)
  148 |   if(map->current->key == NULL) return NULL;
      |                  ^~
Compilation failed
004d63d
Fri 26 Apr 2024 01:59:31 AM UTC: 
 hashmap.c | 2 +-
 1 file changed, 1 insertion(+), 1 deletion(-)
In file included from test.c:4:
hashmap.c: In function ‘nextMap’:
hashmap.c:146:19: error: comparison between pointer and integer [-Werror]
  146 |   if(map->current == NULL) return NULL;
      |                   ^~
cc1: all warnings being treated as errors
Compilation failed
30f8585
Fri 26 Apr 2024 02:02:04 AM UTC: 
 hashmap.c | 1 -
 1 file changed, 1 deletion(-)
 tests:  16|1
total_score: 60/70
d01ec1a
Fri 26 Apr 2024 02:19:36 AM UTC: 
 hashmap.c | 14 ++++++++++++--
 1 file changed, 12 insertions(+), 2 deletions(-)
 tests:  17|0
total_score: 70/70
06cb6d5
Fri 26 Apr 2024 02:20:07 AM UTC: 
 hashmap.c | 9 +++++----
 1 file changed, 5 insertions(+), 4 deletions(-)
 tests:  17|0
total_score: 70/70
06b249e
Fri 26 Apr 2024 02:20:24 AM UTC: 
 hashmap.c | 3 ++-
 1 file changed, 2 insertions(+), 1 deletion(-)
In file included from test.c:4:
hashmap.c:173:1: error: expected identifier or ‘(’ before ‘{’ token
  173 | {
      | ^
hashmap.c:189:2: error: expected identifier or ‘(’ before ‘/’ token
  189 | */
      |  ^
test.c: In function ‘initializeMap’:
test.c:53:20: error: implicit declaration of function ‘_strdup’; did you mean ‘strdup’? [-Werror=implicit-function-declaration]
   53 |         createPair(_strdup(words[i]),_strdup(msg));
      |                    ^~~~~~~
      |                    strdup
test.c:53:20: error: passing argument 1 of ‘createPair’ makes pointer from integer without a cast [-Werror=int-conversion]
   53 |         createPair(_strdup(words[i]),_strdup(msg));
      |                    ^~~~~~~~~~~~~~~~~
      |                    |
      |                    int
In file included from test.c:4:
hashmap.c:19:27: note: expected ‘char *’ but argument is of type ‘int’
   19 | Pair * createPair( char * key,  void * value) {
      |                    ~~~~~~~^~~
test.c:53:38: error: passing argument 2 of ‘createPair’ makes pointer from integer without a cast [-Werror=int-conversion]
   53 |         createPair(_strdup(words[i]),_strdup(msg));
      |                                      ^~~~~~~~~~~~
      |                                      |
      |                                      int
In file included from test.c:4:
hashmap.c:19:40: note: expected ‘void *’ but argument is of type ‘int’
   19 | Pair * createPair( char * key,  void * value) {
      |                                 ~~~~~~~^~~~~
test.c: In function ‘hash_test3’:
test.c:126:13: error: passing argument 1 of ‘hash’ makes pointer from integer without a cast [-Werror=int-conversion]
  126 |     if(hash(_strdup("hola"),10)!=hash(_strdup("hola"),10)) printf("error: valor diferente para misma clave!\n");
      |             ^~~~~~~~~~~~~~~
      |             |
      |             int
In file included from test.c:4:
hashmap.c:26:19: note: expected ‘char *’ but argument is of type ‘int’
   26 | long hash( char * key, long capacity) {
      |            ~~~~~~~^~~
test.c:126:39: error: passing argument 1 of ‘hash’ makes pointer from integer without a cast [-Werror=int-conversion]
  126 |     if(hash(_strdup("hola"),10)!=hash(_strdup("hola"),10)) printf("error: valor diferente para misma clave!\n");
      |                                       ^~~~~~~~~~~~~~~
      |                                       |
      |                                       int
In file included from test.c:4:
hashmap.c:26:19: note: expected ‘char *’ but argument is of type ‘int’
   26 | long hash( char * key, long capacity) {
      |            ~~~~~~~^~~
test.c:127:13: error: passing argument 1 of ‘hash’ makes pointer from integer without a cast [-Werror=int-conversion]
  127 |     if(hash(_strdup("chao"),10)!=hash(_strdup("chao"),10)) printf("error: valor diferente para misma clave!\n");
      |             ^~~~~~~~~~~~~~~
      |             |
      |             int
In file included from test.c:4:
hashmap.c:26:19: note: expected ‘char *’ but argument is of type ‘int’
   26 | long hash( char * key, long capacity) {
      |            ~~~~~~~^~~
test.c:127:39: error: passing argument 1 of ‘hash’ makes pointer from integer without a cast [-Werror=int-conversion]
  127 |     if(hash(_strdup("chao"),10)!=hash(_strdup("chao"),10)) printf("error: valor diferente para misma clave!\n");
      |                                       ^~~~~~~~~~~~~~~
      |                                       |
      |                                       int
In file included from test.c:4:
hashmap.c:26:19: note: expected ‘char *’ but argument is of type ‘int’
   26 | long hash( char * key, long capacity) {
      |            ~~~~~~~^~~
test.c:128:13: error: passing argument 1 of ‘hash’ makes pointer from integer without a cast [-Werror=int-conversion]
  128 |     if(hash(_strdup("casa"),10)!=hash(_strdup("casa"),10)) printf("error: valor diferente para misma clave!\n");
      |             ^~~~~~~~~~~~~~~
      |             |
      |             int
In file included from test.c:4:
hashmap.c:26:19: note: expected ‘char *’ but argument is of type ‘int’
   26 | long hash( char * key, long capacity) {
      |            ~~~~~~~^~~
test.c:128:39: error: passing argument 1 of ‘hash’ makes pointer from integer without a cast [-Werror=int-conversion]
  128 |     if(hash(_strdup("casa"),10)!=hash(_strdup("casa"),10)) printf("error: valor diferente para misma clave!\n");
      |                                       ^~~~~~~~~~~~~~~
      |                                       |
      |                                       int
In file included from test.c:4:
hashmap.c:26:19: note: expected ‘char *’ but argument is of type ‘int’
   26 | long hash( char * key, long capacity) {
      |            ~~~~~~~^~~
test.c: In function ‘insert_test1’:
test.c:141:20: error: passing argument 2 of ‘insertMap’ makes pointer from integer without a cast [-Werror=int-conversion]
  141 |     insertMap(map, _strdup(":key"),_strdup("value"));
      |                    ^~~~~~~~~~~~~~~
      |                    |
      |                    int
In file included from test.c:4:
hashmap.c:42:38: note: expected ‘char *’ but argument is of type ‘int’
   42 | void insertMap(HashMap * map, char * key, void * value)
      |                               ~~~~~~~^~~
test.c:141:36: error: passing argument 3 of ‘insertMap’ makes pointer from integer without a cast [-Werror=int-conversion]
  141 |     insertMap(map, _strdup(":key"),_strdup("value"));
      |                                    ^~~~~~~~~~~~~~~~
      |                                    |
      |                                    int
In file included from test.c:4:
hashmap.c:42:50: note: expected ‘void *’ but argument is of type ‘int’
   42 | void insertMap(HashMap * map, char * key, void * value)
      |                                           ~~~~~~~^~~~~
test.c: In function ‘insert_test2’:
test.c:171:20: error: passing argument 2 of ‘insertMap’ makes pointer from integer without a cast [-Werror=int-conversion]
  171 |     insertMap(map, _strdup("case"),_strdup("repetido"));
      |                    ^~~~~~~~~~~~~~~
      |                    |
      |                    int
In file included from test.c:4:
hashmap.c:42:38: note: expected ‘char *’ but argument is of type ‘int’
   42 | void insertMap(HashMap * map, char * key, void * value)
      |                               ~~~~~~~^~~
test.c:171:36: error: passing argument 3 of ‘insertMap’ makes pointer from integer without a cast [-Werror=int-conversion]
  171 |     insertMap(map, _strdup("case"),_strdup("repetido"));
      |                                    ^~~~~~~~~~~~~~~~~~~
      |                                    |
      |                                    int
In file included from test.c:4:
hashmap.c:42:50: note: expected ‘void *’ but argument is of type ‘int’
   42 | void insertMap(HashMap * map, char * key, void * value)
      |                                           ~~~~~~~^~~~~
test.c: In function ‘insert_test3’:
test.c:182:20: error: passing argument 2 of ‘insertMap’ makes pointer from integer without a cast [-Werror=int-conversion]
  182 |     insertMap(map, _strdup("key"),_strdup("value"));
      |                    ^~~~~~~~~~~~~~
      |                    |
      |                    int
In file included from test.c:4:
hashmap.c:42:38: note: expected ‘char *’ but argument is of type ‘int’
   42 | void insertMap(HashMap * map, char * key, void * value)
      |                               ~~~~~~~^~~
test.c:182:35: error: passing argument 3 of ‘insertMap’ makes pointer from integer without a cast [-Werror=int-conversion]
  182 |     insertMap(map, _strdup("key"),_strdup("value"));
      |                                   ^~~~~~~~~~~~~~~~
      |                                   |
      |                                   int
In file included from test.c:4:
hashmap.c:42:50: note: expected ‘void *’ but argument is of type ‘int’
   42 | void insertMap(HashMap * map, char * key, void * value)
      |                                           ~~~~~~~^~~~~
test.c: In function ‘insert_test4’:
test.c:195:20: error: passing argument 2 of ‘insertMap’ makes pointer from integer without a cast [-Werror=int-conversion]
  195 |     insertMap(map, _strdup("key"),_strdup("value"));
      |                    ^~~~~~~~~~~~~~
      |                    |
      |                    int
In file included from test.c:4:
hashmap.c:42:38: note: expected ‘char *’ but argument is of type ‘int’
   42 | void insertMap(HashMap * map, char * key, void * value)
      |                               ~~~~~~~^~~
test.c:195:35: error: passing argument 3 of ‘insertMap’ makes pointer from integer without a cast [-Werror=int-conversion]
  195 |     insertMap(map, _strdup("key"),_strdup("value"));
      |                                   ^~~~~~~~~~~~~~~~
      |                                   |
      |                                   int
In file included from test.c:4:
hashmap.c:42:50: note: expected ‘void *’ but argument is of type ‘int’
   42 | void insertMap(HashMap * map, char * key, void * value)
      |                                           ~~~~~~~^~~~~
test.c:205:20: error: passing argument 2 of ‘insertMap’ makes pointer from integer without a cast [-Werror=int-conversion]
  205 |     insertMap(map, _strdup("holi"),_strdup("value"));
      |                    ^~~~~~~~~~~~~~~
      |                    |
      |                    int
In file included from test.c:4:
hashmap.c:42:38: note: expected ‘char *’ but argument is of type ‘int’
   42 | void insertMap(HashMap * map, char * key, void * value)
      |                               ~~~~~~~^~~
test.c:205:36: error: passing argument 3 of ‘insertMap’ makes pointer from integer without a cast [-Werror=int-conversion]
  205 |     insertMap(map, _strdup("holi"),_strdup("value"));
      |                                    ^~~~~~~~~~~~~~~~
      |                                    |
      |                                    int
In file included from test.c:4:
hashmap.c:42:50: note: expected ‘void *’ but argument is of type ‘int’
   42 | void insertMap(HashMap * map, char * key, void * value)
      |                                           ~~~~~~~^~~~~
test.c: In function ‘insert_test5’:
test.c:222:20: error: passing argument 2 of ‘insertMap’ makes pointer from integer without a cast [-Werror=int-conversion]
  222 |     insertMap(map, _strdup("key"),_strdup("value"));
      |                    ^~~~~~~~~~~~~~
      |                    |
      |                    int
In file included from test.c:4:
hashmap.c:42:38: note: expected ‘char *’ but argument is of type ‘int’
   42 | void insertMap(HashMap * map, char * key, void * value)
      |                               ~~~~~~~^~~
test.c:222:35: error: passing argument 3 of ‘insertMap’ makes pointer from integer without a cast [-Werror=int-conversion]
  222 |     insertMap(map, _strdup("key"),_strdup("value"));
      |                                   ^~~~~~~~~~~~~~~~
      |                                   |
      |                                   int
In file included from test.c:4:
hashmap.c:42:50: note: expected ‘void *’ but argument is of type ‘int’
   42 | void insertMap(HashMap * map, char * key, void * value)
      |                                           ~~~~~~~^~~~~
test.c: In function ‘search_test2’:
test.c:259:32: error: passing argument 1 of ‘createPair’ makes pointer from integer without a cast [-Werror=int-conversion]
  259 |     map->buckets[9]=createPair(_strdup("key"),_strdup("value"));
      |                                ^~~~~~~~~~~~~~
      |                                |
      |                                int
In file included from test.c:4:
hashmap.c:19:27: note: expected ‘char *’ but argument is of type ‘int’
   19 | Pair * createPair( char * key,  void * value) {
      |                    ~~~~~~~^~~
test.c:259:47: error: passing argument 2 of ‘createPair’ makes pointer from integer without a cast [-Werror=int-conversion]
  259 |     map->buckets[9]=createPair(_strdup("key"),_strdup("value"));
      |                                               ^~~~~~~~~~~~~~~~
      |                                               |
      |                                               int
In file included from test.c:4:
hashmap.c:19:40: note: expected ‘void *’ but argument is of type ‘int’
   19 | Pair * createPair( char * key,  void * value) {
      |                                 ~~~~~~~^~~~~
test.c: In function ‘erase_test2’:
test.c:317:32: error: passing argument 1 of ‘createPair’ makes pointer from integer without a cast [-Werror=int-conversion]
  317 |     map->buckets[9]=createPair(_strdup("key"),_strdup("value"));
      |                                ^~~~~~~~~~~~~~
      |                                |
      |                                int
In file included from test.c:4:
hashmap.c:19:27: note: expected ‘char *’ but argument is of type ‘int’
   19 | Pair * createPair( char * key,  void * value) {
      |                    ~~~~~~~^~~
test.c:317:47: error: passing argument 2 of ‘createPair’ makes pointer from integer without a cast [-Werror=int-conversion]
  317 |     map->buckets[9]=createPair(_strdup("key"),_strdup("value"));
      |                                               ^~~~~~~~~~~~~~~~
      |                                               |
      |                                               int
In file included from test.c:4:
hashmap.c:19:40: note: expected ‘void *’ but argument is of type ‘int’
   19 | Pair * createPair( char * key,  void * value) {
      |                                 ~~~~~~~^~~~~
cc1: all warnings being treated as errors
Compilation failed
1af7fa4
Fri 26 Apr 2024 02:20:33 AM UTC: 
 hashmap.c | 1 +
 1 file changed, 1 insertion(+)
 tests:  16|1
total_score: 60/70
cf63f27
